 command line:
   ./test_isim_beh.exe
     -intstyle  ise
     -ipchost  localhost
     -ipcport  62196

Wed Jul 07 12:24:20 2021

Total Line Count : 134

 Elaboration time : 0.015625 sec.

 Estimate current memory usage : 164.811 Meg. 

 Total Signals          : 32
 Total Nets             : 7712
 Total Signal Drivers   : 26
 Total Blocks           : 8
 Total Primitive Blocks : 1
 Total Processes        : 3
 Total Traceable Variables  : 0
 Total Scalar Nets and Variables : 7712
ntrace select -o on -n /test/clk 
ntrace select -o on -n /test/clr 
ntrace select -o on -n /test/data_in 
ntrace select -o on -n /test/decoded_data 
ntrace start 
isimrun 1000 ns 
Simulator is doing circuit initialization process.
Finished circuit initialization process.

 Simulation time 0.3125 sec.

 Estimate current memory usage : 209.9 Meg. 

Wed Jul 07 12:29:18 2021

